This file contains any messages produced by compilers while
running configure, to aid debugging if configure makes a mistake.

It was created by PythonMagick configure 0.9.19, which was
generated by GNU Autoconf 2.69.  Invocation command line was

  $ ./configure 

## --------- ##
## Platform. ##
## --------- ##

hostname = PC-Gorillapp
uname -m = x86_64
uname -r = 3.1.7-340.x86_64
uname -s = MINGW64_NT-10.0-19042
uname -v = 2020-10-23 13:08 UTC

/usr/bin/uname -p = unknown
/bin/uname -X     = unknown

/bin/arch              = x86_64
/usr/bin/arch -k       = unknown
/usr/convex/getsysinfo = unknown
/usr/bin/hostinfo      = unknown
/bin/machine           = unknown
/usr/bin/oslevel       = unknown
/bin/universe          = unknown

PATH: /c/Users/damin/bin
PATH: /mingw64/bin
PATH: /usr/local/bin
PATH: /usr/bin
PATH: /bin
PATH: /mingw64/bin
PATH: /usr/bin
PATH: /c/Users/damin/bin
PATH: /c/Users/damin/AppData/Local/Programs/Python/Python39
PATH: /c/Users/damin/AppData/Local/Programs/Python/Python39/Scripts
PATH: /c/Program Files (x86)/Common Files/Oracle/Java/javapath
PATH: /c/Windows/system32
PATH: /c/Windows
PATH: /c/Windows/System32/Wbem
PATH: /c/Windows/System32/WindowsPowerShell/v1.0
PATH: /c/Windows/System32/OpenSSH
PATH: /c/Program Files/NVIDIA Corporation/NVIDIA NvDLISR
PATH: /c/Users/damin/AppData/Local/Microsoft/WindowsApps
PATH: /c/wamp64/bin/php/php7.4.9
PATH: /c/dev/flutter/bin
PATH: /c/Program Files/nodejs
PATH: /c/dev/apache-maven-3.6.3/bin
PATH: /c/Go/bin
PATH: /cmd
PATH: /c/HashiCorp/Vagrant/bin
PATH: /c/Program Files/Docker/Docker/resources/bin
PATH: /c/ProgramData/DockerDesktop/version-bin
PATH: /c/Users/damin/AppData/Local/Programs/Webots/lib/controller
PATH: /c/Users/damin/AppData/Local/Programs/Webots/msys64/mingw64/bin
PATH: /c/Users/damin/AppData/Local/Programs/Webots/msys64/mingw64/bin/cpp
PATH: /c/dev/courses/cineditorml/PythonMagick-0.9.19
PATH: /c/Users/damin/AppData/Local/Programs/Python/Python39/Scripts
PATH: /c/Users/damin/AppData/Local/Programs/Python/Python39
PATH: /c/Users/damin/AppData/Local/Microsoft/WindowsApps
PATH: /c/wamp64/bin/php/php7.4.9
PATH: /c/Users/damin/AppData/Roaming/npm
PATH: /c/dev/apache-maven-3.6.3/bin
PATH: /c/Users/damin/go/bin
PATH: /c/Users/damin/AppData/Local/Programs/Webots/lib/controller
PATH: /usr/bin/vendor_perl
PATH: /usr/bin/core_perl


## ----------- ##
## Core tests. ##
## ----------- ##

configure:2422: checking whether build environment is sane
configure:2477: result: yes
configure:2506: checking for a BSD-compatible install
configure:2574: result: /usr/bin/install -c
configure:2724: checking for a thread-safe mkdir -p
configure:2763: result: /usr/bin/mkdir -p
configure:2770: checking for gawk
configure:2786: found /usr/bin/gawk
configure:2797: result: gawk
configure:2808: checking whether make sets $(MAKE)
configure:2834: result: no
configure:2859: checking whether make supports nested variables
configure:2876: result: no
configure:3015: checking whether make supports nested variables
configure:3032: result: no
configure:3103: checking for g++
configure:3119: found /c/Users/damin/AppData/Local/Programs/Webots/msys64/mingw64/bin/g++
configure:3130: result: g++
configure:3157: checking for C++ compiler version
configure:3166: g++ --version >&5
g++.exe (Rev6, Built by MSYS2 project) 10.2.0
Copyright (C) 2020 Free Software Foundation, Inc.
This is free software; see the source for copying conditions.  There is NO
warranty; not even for MERCHANTABILITY or FITNESS FOR A PARTICULAR PURPOSE.

configure:3177: $? = 0
configure:3166: g++ -v >&5
Using built-in specs.
COLLECT_GCC=C:\Users\damin\AppData\Local\Programs\Webots\msys64\mingw64\bin\g++.exe
COLLECT_LTO_WRAPPER=C:/Users/damin/AppData/Local/Programs/Webots/msys64/mingw64/bin/../lib/gcc/x86_64-w64-mingw32/10.2.0/lto-wrapper.exe
Target: x86_64-w64-mingw32
Configured with: ../gcc-10.2.0/configure --prefix=/mingw64 --with-local-prefix=/mingw64/local --build=x86_64-w64-mingw32 --host=x86_64-w64-mingw32 --target=x86_64-w64-mingw32 --with-native-system-header-dir=/mingw64/x86_64-w64-mingw32/include --libexecdir=/mingw64/lib --enable-bootstrap --with-arch=x86-64 --with-tune=generic --enable-languages=c,lto,c++,fortran,ada,objc,obj-c++,jit --enable-shared --enable-static --enable-libatomic --enable-threads=posix --enable-graphite --enable-fully-dynamic-string --enable-libstdcxx-filesystem-ts=yes --enable-libstdcxx-time=yes --disable-libstdcxx-pch --disable-libstdcxx-debug --disable-isl-version-check --enable-lto --enable-libgomp --disable-multilib --enable-checking=release --disable-rpath --disable-win32-registry --disable-nls --disable-werror --disable-symvers --disable-plugin --with-libiconv --with-system-zlib --with-gmp=/mingw64 --with-mpfr=/mingw64 --with-mpc=/mingw64 --with-isl=/mingw64 --with-pkgversion='Rev6, Built by MSYS2 project' --with-bugurl=https://github.com/msys2/MINGW-packages/issues --with-gnu-as --with-gnu-ld --with-boot-ldflags='-pipe -Wl,--dynamicbase,--high-entropy-va,--nxcompat,--default-image-base-high -Wl,--disable-dynamicbase -static-libstdc++ -static-libgcc' 'LDFLAGS_FOR_TARGET=-pipe -Wl,--dynamicbase,--high-entropy-va,--nxcompat,--default-image-base-high' --enable-linker-plugin-flags='LDFLAGS=-static-libstdc++\ -static-libgcc\ -pipe\ -Wl,--dynamicbase,--high-entropy-va,--nxcompat,--default-image-base-high\ -Wl,--stack,12582912'
Thread model: posix
Supported LTO compression algorithms: zlib zstd
gcc version 10.2.0 (Rev6, Built by MSYS2 project) 
configure:3177: $? = 0
configure:3166: g++ -V >&5
g++.exe: error: unrecognized command-line option '-V'
g++.exe: fatal error: no input files
compilation terminated.
configure:3177: $? = 1
configure:3166: g++ -qversion >&5
g++.exe: error: unrecognized command-line option '-qversion'; did you mean '--version'?
g++.exe: fatal error: no input files
compilation terminated.
configure:3177: $? = 1
configure:3197: checking whether the C++ compiler works
configure:3219: g++    conftest.cpp  >&5
configure:3223: $? = 0
configure:3271: result: yes
configure:3274: checking for C++ compiler default output file name
configure:3276: result: a.exe
configure:3282: checking for suffix of executables
configure:3289: g++ -o conftest.exe    conftest.cpp  >&5
configure:3293: $? = 0
configure:3315: result: .exe
configure:3337: checking whether we are cross compiling
configure:3345: g++ -o conftest.exe    conftest.cpp  >&5
configure:3349: $? = 0
configure:3356: ./conftest.exe
configure:3360: $? = 0
configure:3375: result: no
configure:3380: checking for suffix of object files
configure:3402: g++ -c   conftest.cpp >&5
configure:3406: $? = 0
configure:3427: result: o
configure:3431: checking whether we are using the GNU C++ compiler
configure:3450: g++ -c   conftest.cpp >&5
configure:3450: $? = 0
configure:3459: result: yes
configure:3468: checking whether g++ accepts -g
configure:3488: g++ -c -g  conftest.cpp >&5
configure:3488: $? = 0
configure:3529: result: yes
configure:3555: checking whether make supports the include directive
configure:3570: make -f confmf.GNU && cat confinc.out
./configure: line 3571: make: command not found
configure:3573: $? = 127
configure:3570: make -f confmf.BSD && cat confinc.out
./configure: line 3571: make: command not found
configure:3573: $? = 127
configure:3592: result: no
configure:3617: checking dependency style of g++
configure:3728: result: none
configure:3791: checking for gcc
configure:3807: found /c/Users/damin/AppData/Local/Programs/Webots/msys64/mingw64/bin/gcc
configure:3818: result: gcc
configure:4047: checking for C compiler version
configure:4056: gcc --version >&5
gcc.exe (Rev6, Built by MSYS2 project) 10.2.0
Copyright (C) 2020 Free Software Foundation, Inc.
This is free software; see the source for copying conditions.  There is NO
warranty; not even for MERCHANTABILITY or FITNESS FOR A PARTICULAR PURPOSE.

configure:4067: $? = 0
configure:4056: gcc -v >&5
Using built-in specs.
COLLECT_GCC=C:\Users\damin\AppData\Local\Programs\Webots\msys64\mingw64\bin\gcc.exe
COLLECT_LTO_WRAPPER=C:/Users/damin/AppData/Local/Programs/Webots/msys64/mingw64/bin/../lib/gcc/x86_64-w64-mingw32/10.2.0/lto-wrapper.exe
Target: x86_64-w64-mingw32
Configured with: ../gcc-10.2.0/configure --prefix=/mingw64 --with-local-prefix=/mingw64/local --build=x86_64-w64-mingw32 --host=x86_64-w64-mingw32 --target=x86_64-w64-mingw32 --with-native-system-header-dir=/mingw64/x86_64-w64-mingw32/include --libexecdir=/mingw64/lib --enable-bootstrap --with-arch=x86-64 --with-tune=generic --enable-languages=c,lto,c++,fortran,ada,objc,obj-c++,jit --enable-shared --enable-static --enable-libatomic --enable-threads=posix --enable-graphite --enable-fully-dynamic-string --enable-libstdcxx-filesystem-ts=yes --enable-libstdcxx-time=yes --disable-libstdcxx-pch --disable-libstdcxx-debug --disable-isl-version-check --enable-lto --enable-libgomp --disable-multilib --enable-checking=release --disable-rpath --disable-win32-registry --disable-nls --disable-werror --disable-symvers --disable-plugin --with-libiconv --with-system-zlib --with-gmp=/mingw64 --with-mpfr=/mingw64 --with-mpc=/mingw64 --with-isl=/mingw64 --with-pkgversion='Rev6, Built by MSYS2 project' --with-bugurl=https://github.com/msys2/MINGW-packages/issues --with-gnu-as --with-gnu-ld --with-boot-ldflags='-pipe -Wl,--dynamicbase,--high-entropy-va,--nxcompat,--default-image-base-high -Wl,--disable-dynamicbase -static-libstdc++ -static-libgcc' 'LDFLAGS_FOR_TARGET=-pipe -Wl,--dynamicbase,--high-entropy-va,--nxcompat,--default-image-base-high' --enable-linker-plugin-flags='LDFLAGS=-static-libstdc++\ -static-libgcc\ -pipe\ -Wl,--dynamicbase,--high-entropy-va,--nxcompat,--default-image-base-high\ -Wl,--stack,12582912'
Thread model: posix
Supported LTO compression algorithms: zlib zstd
gcc version 10.2.0 (Rev6, Built by MSYS2 project) 
configure:4067: $? = 0
configure:4056: gcc -V >&5
gcc.exe: error: unrecognized command-line option '-V'
gcc.exe: fatal error: no input files
compilation terminated.
configure:4067: $? = 1
configure:4056: gcc -qversion >&5
gcc.exe: error: unrecognized command-line option '-qversion'; did you mean '--version'?
gcc.exe: fatal error: no input files
compilation terminated.
configure:4067: $? = 1
configure:4071: checking whether we are using the GNU C compiler
configure:4090: gcc -c   conftest.c >&5
configure:4090: $? = 0
configure:4099: result: yes
configure:4108: checking whether gcc accepts -g
configure:4128: gcc -c -g  conftest.c >&5
configure:4128: $? = 0
configure:4169: result: yes
configure:4186: checking for gcc option to accept ISO C89
configure:4249: gcc  -c -g -O2  conftest.c >&5
configure:4249: $? = 0
configure:4262: result: none needed
configure:4287: checking whether gcc understands -c and -o together
configure:4309: gcc -c conftest.c -o conftest2.o
configure:4312: $? = 0
configure:4309: gcc -c conftest.c -o conftest2.o
configure:4312: $? = 0
configure:4324: result: yes
configure:4343: checking dependency style of gcc
configure:4454: result: none
configure:4470: checking whether ln -s works
configure:4477: result: no, using cp -pR
configure:4481: checking whether make sets $(MAKE)
configure:4507: result: no
configure:4541: checking build system type
configure:4555: result: x86_64-pc-mingw64
configure:4575: checking host system type
configure:4588: result: x86_64-pc-mingw64
configure:4629: checking how to print strings
configure:4656: result: printf
configure:4677: checking for a sed that does not truncate output
configure:4741: result: /usr/bin/sed
configure:4759: checking for grep that handles long lines and -e
configure:4817: result: /usr/bin/grep
configure:4822: checking for egrep
configure:4884: result: /usr/bin/grep -E
configure:4889: checking for fgrep
configure:4951: result: /usr/bin/grep -F
configure:4986: checking for ld used by gcc
configure:5053: result: C:/Users/damin/AppData/Local/Programs/Webots/msys64/mingw64/x86_64-w64-mingw32/bin/ld.exe
configure:5060: checking if the linker (C:/Users/damin/AppData/Local/Programs/Webots/msys64/mingw64/x86_64-w64-mingw32/bin/ld.exe) is GNU ld
configure:5075: result: yes
configure:5087: checking for BSD- or MS-compatible name lister (nm)
configure:5141: result: /c/Users/damin/AppData/Local/Programs/Webots/msys64/mingw64/bin/nm -B
configure:5271: checking the name lister (/c/Users/damin/AppData/Local/Programs/Webots/msys64/mingw64/bin/nm -B) interface
configure:5278: gcc -c -g -O2  conftest.c >&5
configure:5281: /c/Users/damin/AppData/Local/Programs/Webots/msys64/mingw64/bin/nm -B "conftest.o"
configure:5284: output
0000000000000000 b .bss
0000000000000000 d .data
0000000000000000 N .debug_abbrev
0000000000000000 N .debug_aranges
0000000000000000 N .debug_info
0000000000000000 N .debug_line
0000000000000000 r .rdata$zzz
0000000000000000 t .text
0000000000000000 B some_variable
configure:5291: result: BSD nm
configure:5295: checking the maximum length of command line arguments
configure:5426: result: 8192
configure:5474: checking how to convert x86_64-pc-mingw64 file names to x86_64-pc-mingw64 format
configure:5514: result: func_convert_file_msys_to_w32
configure:5521: checking how to convert x86_64-pc-mingw64 file names to toolchain format
configure:5541: result: func_convert_file_msys_to_w32
configure:5548: checking for C:/Users/damin/AppData/Local/Programs/Webots/msys64/mingw64/x86_64-w64-mingw32/bin/ld.exe option to reload object files
configure:5555: result: -r
configure:5629: checking for objdump
configure:5645: found /c/Users/damin/AppData/Local/Programs/Webots/msys64/mingw64/bin/objdump
configure:5656: result: objdump
configure:5688: checking how to recognize dependent libraries
configure:5888: result: file_magic ^x86 archive import|^x86 DLL
configure:5973: checking for dlltool
configure:5989: found /c/Users/damin/AppData/Local/Programs/Webots/msys64/mingw64/bin/dlltool
configure:6000: result: dlltool
configure:6033: checking how to associate runtime and link libraries
configure:6060: result: func_cygming_dll_for_implib
configure:6121: checking for ar
configure:6137: found /c/Users/damin/AppData/Local/Programs/Webots/msys64/mingw64/bin/ar
configure:6148: result: ar
configure:6185: checking for archiver @FILE support
configure:6202: gcc -c -g -O2  conftest.c >&5
configure:6202: $? = 0
configure:6205: ar cru libconftest.a @conftest.lst >&5
configure:6208: $? = 0
configure:6213: ar cru libconftest.a @conftest.lst >&5
C:\Users\damin\AppData\Local\Programs\Webots\msys64\mingw64\bin\ar.exe: conftest.o: No such file or directory
configure:6216: $? = 1
configure:6228: result: @
configure:6286: checking for strip
configure:6302: found /c/Users/damin/AppData/Local/Programs/Webots/msys64/mingw64/bin/strip
configure:6313: result: strip
configure:6385: checking for ranlib
configure:6401: found /c/Users/damin/AppData/Local/Programs/Webots/msys64/mingw64/bin/ranlib
configure:6412: result: ranlib
configure:6514: checking command to parse /c/Users/damin/AppData/Local/Programs/Webots/msys64/mingw64/bin/nm -B output from gcc object
configure:6667: gcc -c -g -O2  conftest.c >&5
configure:6670: $? = 0
configure:6674: /c/Users/damin/AppData/Local/Programs/Webots/msys64/mingw64/bin/nm -B conftest.o \| sed -n -e 's/^.*[ ]\([ABCDGIRSTW][ABCDGIRSTW]*\)[ ][ ]*\([_A-Za-z][_A-Za-z0-9]*\)\{0,1\}$/\1 \2 \2/p' | sed '/ __gnu_lto/d' \> conftest.nm
configure:6677: $? = 0
configure:6743: gcc -o conftest.exe -g -O2   conftest.c conftstm.o >&5
configure:6746: $? = 0
configure:6784: result: ok
configure:6831: checking for sysroot
configure:6861: result: no
configure:6868: checking for a working dd
configure:6906: result: /usr/bin/dd
configure:6910: checking how to truncate binary pipes
configure:6925: result: /usr/bin/dd bs=4096 count=1
configure:7254: checking for mt
configure:7284: result: no
configure:7304: checking if : is a manifest tool
configure:7310: : '-?'
configure:7318: result: no
configure:7995: checking how to run the C preprocessor
configure:8026: gcc -E  conftest.c
configure:8026: $? = 0
configure:8040: gcc -E  conftest.c
conftest.c:11:10: fatal error: ac_nonexistent.h: No such file or directory
   11 | #include <ac_nonexistent.h>
      |          ^~~~~~~~~~~~~~~~~~
compilation terminated.
configure:8040: $? = 1
configure: failed program was:
| /* confdefs.h */
| #define PACKAGE_NAME "PythonMagick"
| #define PACKAGE_TARNAME "PythonMagick"
| #define PACKAGE_VERSION "0.9.19"
| #define PACKAGE_STRING "PythonMagick 0.9.19"
| #define PACKAGE_BUGREPORT ""
| #define PACKAGE_URL ""
| #define PACKAGE "PythonMagick"
| #define VERSION "0.9.19"
| /* end confdefs.h.  */
| #include <ac_nonexistent.h>
configure:8065: result: gcc -E
configure:8085: gcc -E  conftest.c
configure:8085: $? = 0
configure:8099: gcc -E  conftest.c
conftest.c:11:10: fatal error: ac_nonexistent.h: No such file or directory
   11 | #include <ac_nonexistent.h>
      |          ^~~~~~~~~~~~~~~~~~
compilation terminated.
configure:8099: $? = 1
configure: failed program was:
| /* confdefs.h */
| #define PACKAGE_NAME "PythonMagick"
| #define PACKAGE_TARNAME "PythonMagick"
| #define PACKAGE_VERSION "0.9.19"
| #define PACKAGE_STRING "PythonMagick 0.9.19"
| #define PACKAGE_BUGREPORT ""
| #define PACKAGE_URL ""
| #define PACKAGE "PythonMagick"
| #define VERSION "0.9.19"
| /* end confdefs.h.  */
| #include <ac_nonexistent.h>
configure:8128: checking for ANSI C header files
configure:8148: gcc -c -g -O2  conftest.c >&5
configure:8148: $? = 0
configure:8221: gcc -o conftest.exe -g -O2   conftest.c  >&5
configure:8221: $? = 0
configure:8221: ./conftest.exe
configure:8221: $? = 0
configure:8232: result: yes
configure:8245: checking for sys/types.h
configure:8245: gcc -c -g -O2  conftest.c >&5
configure:8245: $? = 0
configure:8245: result: yes
configure:8245: checking for sys/stat.h
configure:8245: gcc -c -g -O2  conftest.c >&5
configure:8245: $? = 0
configure:8245: result: yes
configure:8245: checking for stdlib.h
configure:8245: gcc -c -g -O2  conftest.c >&5
configure:8245: $? = 0
configure:8245: result: yes
configure:8245: checking for string.h
configure:8245: gcc -c -g -O2  conftest.c >&5
configure:8245: $? = 0
configure:8245: result: yes
configure:8245: checking for memory.h
configure:8245: gcc -c -g -O2  conftest.c >&5
configure:8245: $? = 0
configure:8245: result: yes
configure:8245: checking for strings.h
configure:8245: gcc -c -g -O2  conftest.c >&5
configure:8245: $? = 0
configure:8245: result: yes
configure:8245: checking for inttypes.h
configure:8245: gcc -c -g -O2  conftest.c >&5
configure:8245: $? = 0
configure:8245: result: yes
configure:8245: checking for stdint.h
configure:8245: gcc -c -g -O2  conftest.c >&5
configure:8245: $? = 0
configure:8245: result: yes
configure:8245: checking for unistd.h
configure:8245: gcc -c -g -O2  conftest.c >&5
configure:8245: $? = 0
configure:8245: result: yes
configure:8259: checking for dlfcn.h
configure:8259: gcc -c -g -O2  conftest.c >&5
conftest.c:55:10: fatal error: dlfcn.h: No such file or directory
   55 | #include <dlfcn.h>
      |          ^~~~~~~~~
compilation terminated.
configure:8259: $? = 1
configure: failed program was:
| /* confdefs.h */
| #define PACKAGE_NAME "PythonMagick"
| #define PACKAGE_TARNAME "PythonMagick"
| #define PACKAGE_VERSION "0.9.19"
| #define PACKAGE_STRING "PythonMagick 0.9.19"
| #define PACKAGE_BUGREPORT ""
| #define PACKAGE_URL ""
| #define PACKAGE "PythonMagick"
| #define VERSION "0.9.19"
| #define STDC_HEADERS 1
| #define HAVE_SYS_TYPES_H 1
| #define HAVE_SYS_STAT_H 1
| #define HAVE_STDLIB_H 1
| #define HAVE_STRING_H 1
| #define HAVE_MEMORY_H 1
| #define HAVE_STRINGS_H 1
| #define HAVE_INTTYPES_H 1
| #define HAVE_STDINT_H 1
| #define HAVE_UNISTD_H 1
| /* end confdefs.h.  */
| #include <stdio.h>
| #ifdef HAVE_SYS_TYPES_H
| # include <sys/types.h>
| #endif
| #ifdef HAVE_SYS_STAT_H
| # include <sys/stat.h>
| #endif
| #ifdef STDC_HEADERS
| # include <stdlib.h>
| # include <stddef.h>
| #else
| # ifdef HAVE_STDLIB_H
| #  include <stdlib.h>
| # endif
| #endif
| #ifdef HAVE_STRING_H
| # if !defined STDC_HEADERS && defined HAVE_MEMORY_H
| #  include <memory.h>
| # endif
| # include <string.h>
| #endif
| #ifdef HAVE_STRINGS_H
| # include <strings.h>
| #endif
| #ifdef HAVE_INTTYPES_H
| # include <inttypes.h>
| #endif
| #ifdef HAVE_STDINT_H
| # include <stdint.h>
| #endif
| #ifdef HAVE_UNISTD_H
| # include <unistd.h>
| #endif
| 
| #include <dlfcn.h>
configure:8259: result: no
configure:8526: checking for objdir
configure:8541: result: .libs
configure:8805: checking if gcc supports -fno-rtti -fno-exceptions
configure:8823: gcc -c -g -O2  -fno-rtti -fno-exceptions conftest.c >&5
cc1.exe: warning: command-line option '-fno-rtti' is valid for C++/D/ObjC++ but not for C
configure:8827: $? = 0
configure:8840: result: no
configure:9198: checking for gcc option to produce PIC
configure:9205: result: -DDLL_EXPORT -DPIC
configure:9213: checking if gcc PIC flag -DDLL_EXPORT -DPIC works
configure:9231: gcc -c -g -O2  -DDLL_EXPORT -DPIC -DPIC conftest.c >&5
configure:9235: $? = 0
configure:9248: result: yes
configure:9277: checking if gcc static flag -static works
configure:9305: result: yes
configure:9320: checking if gcc supports -c -o file.o
configure:9341: gcc -c -g -O2  -o out/conftest2.o conftest.c >&5
configure:9345: $? = 0
configure:9367: result: yes
configure:9375: checking if gcc supports -c -o file.o
configure:9422: result: yes
configure:9455: checking whether the gcc linker (C:/Users/damin/AppData/Local/Programs/Webots/msys64/mingw64/x86_64-w64-mingw32/bin/ld.exe) supports shared libraries
configure:10714: result: yes
configure:10751: checking whether -lc should be explicitly linked in
configure:10759: gcc -c -g -O2  conftest.c >&5
configure:10762: $? = 0
configure:10777: gcc -shared conftest.o  -v -o ./conftest -Wl,--enable-auto-image-base -Xlinker --out-implib -Xlinker conftest 2\>\&1 \| /usr/bin/grep  -lc  \>/dev/null 2\>\&1
configure:10780: $? = 1
configure:10794: result: yes
configure:10954: checking dynamic linker characteristics
configure:11775: result: Win32 ld.exe
configure:11897: checking how to hardcode library paths into programs
configure:11922: result: immediate
configure:12470: checking whether stripping libraries is possible
configure:12475: result: yes
configure:12510: checking if libtool supports shared libraries
configure:12512: result: yes
configure:12515: checking whether to build shared libraries
configure:12540: result: yes
configure:12543: checking whether to build static libraries
configure:12547: result: yes
configure:12570: checking how to run the C++ preprocessor
configure:12597: g++ -E  conftest.cpp
configure:12597: $? = 0
configure:12611: g++ -E  conftest.cpp
conftest.cpp:22:10: fatal error: ac_nonexistent.h: No such file or directory
   22 | #include <ac_nonexistent.h>
      |          ^~~~~~~~~~~~~~~~~~
compilation terminated.
configure:12611: $? = 1
configure: failed program was:
| /* confdefs.h */
| #define PACKAGE_NAME "PythonMagick"
| #define PACKAGE_TARNAME "PythonMagick"
| #define PACKAGE_VERSION "0.9.19"
| #define PACKAGE_STRING "PythonMagick 0.9.19"
| #define PACKAGE_BUGREPORT ""
| #define PACKAGE_URL ""
| #define PACKAGE "PythonMagick"
| #define VERSION "0.9.19"
| #define STDC_HEADERS 1
| #define HAVE_SYS_TYPES_H 1
| #define HAVE_SYS_STAT_H 1
| #define HAVE_STDLIB_H 1
| #define HAVE_STRING_H 1
| #define HAVE_MEMORY_H 1
| #define HAVE_STRINGS_H 1
| #define HAVE_INTTYPES_H 1
| #define HAVE_STDINT_H 1
| #define HAVE_UNISTD_H 1
| #define LT_OBJDIR ".libs/"
| /* end confdefs.h.  */
| #include <ac_nonexistent.h>
configure:12636: result: g++ -E
configure:12656: g++ -E  conftest.cpp
configure:12656: $? = 0
configure:12670: g++ -E  conftest.cpp
conftest.cpp:22:10: fatal error: ac_nonexistent.h: No such file or directory
   22 | #include <ac_nonexistent.h>
      |          ^~~~~~~~~~~~~~~~~~
compilation terminated.
configure:12670: $? = 1
configure: failed program was:
| /* confdefs.h */
| #define PACKAGE_NAME "PythonMagick"
| #define PACKAGE_TARNAME "PythonMagick"
| #define PACKAGE_VERSION "0.9.19"
| #define PACKAGE_STRING "PythonMagick 0.9.19"
| #define PACKAGE_BUGREPORT ""
| #define PACKAGE_URL ""
| #define PACKAGE "PythonMagick"
| #define VERSION "0.9.19"
| #define STDC_HEADERS 1
| #define HAVE_SYS_TYPES_H 1
| #define HAVE_SYS_STAT_H 1
| #define HAVE_STDLIB_H 1
| #define HAVE_STRING_H 1
| #define HAVE_MEMORY_H 1
| #define HAVE_STRINGS_H 1
| #define HAVE_INTTYPES_H 1
| #define HAVE_STDINT_H 1
| #define HAVE_UNISTD_H 1
| #define LT_OBJDIR ".libs/"
| /* end confdefs.h.  */
| #include <ac_nonexistent.h>
configure:12832: checking for ld used by g++
configure:12899: result: C:/Users/damin/AppData/Local/Programs/Webots/msys64/mingw64/x86_64-w64-mingw32/bin/ld.exe
configure:12906: checking if the linker (C:/Users/damin/AppData/Local/Programs/Webots/msys64/mingw64/x86_64-w64-mingw32/bin/ld.exe) is GNU ld
configure:12921: result: yes
configure:12976: checking whether the g++ linker (C:/Users/damin/AppData/Local/Programs/Webots/msys64/mingw64/x86_64-w64-mingw32/bin/ld.exe) supports shared libraries
configure:14049: result: yes
configure:14085: g++ -c -g -O2  conftest.cpp >&5
configure:14088: $? = 0
configure:14569: checking for g++ option to produce PIC
configure:14576: result: -DDLL_EXPORT -DPIC
configure:14584: checking if g++ PIC flag -DDLL_EXPORT -DPIC works
configure:14602: g++ -c -g -O2  -DDLL_EXPORT -DPIC -DPIC conftest.cpp >&5
configure:14606: $? = 0
configure:14619: result: yes
configure:14642: checking if g++ static flag -static works
configure:14670: result: yes
configure:14682: checking if g++ supports -c -o file.o
configure:14703: g++ -c -g -O2  -o out/conftest2.o conftest.cpp >&5
configure:14707: $? = 0
configure:14729: result: yes
configure:14734: checking if g++ supports -c -o file.o
configure:14781: result: yes
configure:14811: checking whether the g++ linker (C:/Users/damin/AppData/Local/Programs/Webots/msys64/mingw64/x86_64-w64-mingw32/bin/ld.exe) supports shared libraries
configure:14851: result: yes
configure:14992: checking dynamic linker characteristics
configure:15740: result: Win32 ld.exe
configure:15805: checking how to hardcode library paths into programs
configure:15830: result: immediate
configure:15945: checking for pkg-config
configure:15978: result: no
configure:16023: checking whether to enable maintainer-specific portions of Makefiles
configure:16032: result: no
configure:16080: checking for python with minimal version
configure:16082: result: 2.4
configure:16119: checking for a Python interpreter with version >= 2.4
configure:16136: python -c import sys # split strings by '.' and convert to numeric. Append some zeros # because we need at least 4 digits for the hex conversion. # map returns an iterator in Python 3.0 and a list in 2.x minver = list(map(int, '2.4'.split('.'))) + [0, 0, 0] minverhex = 0 # xrange is not present in Python 3.0 and range returns an iterator for i in list(range(0, 4)): minverhex = (minverhex << 8) + minver[i] sys.exit(sys.hexversion < minverhex)
configure:16139: $? = 0
configure:16145: result: python
configure:16153: checking for python
configure:16171: found /c/Users/damin/AppData/Local/Programs/Python/Python39/python
configure:16183: result: /c/Users/damin/AppData/Local/Programs/Python/Python39/python
configure:16201: checking for python version
configure:16208: result: 3.9
configure:16220: checking for python platform
configure:16227: result: win32
configure:16253: checking for python script directory
configure:16288: result: ${prefix}/lib/python3.9/site-packages
configure:16297: checking for python extension module directory
configure:16332: result: ${exec_prefix}/lib/python3.9/site-packages
configure:16353: checking for python3.9
configure:16383: result: /c/Users/damin/AppData/Local/Programs/Python/Python39/python
configure:16399: checking for a version of Python >= '2.1.0'
configure:16425: result: yes
configure:16433: checking for a version of Python >= '2.4'
configure:16439: result: yes
configure:16456: checking for the distutils Python package
configure:16460: result: yes
configure:16474: checking for Python include path
configure:16490: result: -IC:\Users\damin\AppData\Local\Programs\Python\Python39\include
configure:16497: checking for Python library path
configure:16574: result: -LC:\Users\damin\AppData\Local\Programs\Python\Python39\Lib\config -lpython39
configure:16581: checking for Python site-packages path
configure:16587: result: C:\Users\damin\AppData\Local\Programs\Python\Python39\Lib\site-packages
configure:16594: checking python extra libraries
configure:16601: result: 
configure:16608: checking python extra linking flags
configure:16615: result: None
configure:16622: checking consistency of all components of python development environment
configure:16650: gcc -o conftest.exe -g -O2  -IC:\Users\damin\AppData\Local\Programs\Python\Python39\include   conftest.c  -LC:\Users\damin\AppData\Local\Programs\Python\Python39\Lib\config -lpython39 None None >&5
gcc.exe: error: None: No such file or directory
gcc.exe: error: None: No such file or directory
configure:16650: $? = 1
configure: failed program was:
| /* confdefs.h */
| #define PACKAGE_NAME "PythonMagick"
| #define PACKAGE_TARNAME "PythonMagick"
| #define PACKAGE_VERSION "0.9.19"
| #define PACKAGE_STRING "PythonMagick 0.9.19"
| #define PACKAGE_BUGREPORT ""
| #define PACKAGE_URL ""
| #define PACKAGE "PythonMagick"
| #define VERSION "0.9.19"
| #define STDC_HEADERS 1
| #define HAVE_SYS_TYPES_H 1
| #define HAVE_SYS_STAT_H 1
| #define HAVE_STDLIB_H 1
| #define HAVE_STRING_H 1
| #define HAVE_MEMORY_H 1
| #define HAVE_STRINGS_H 1
| #define HAVE_INTTYPES_H 1
| #define HAVE_STDINT_H 1
| #define HAVE_UNISTD_H 1
| #define LT_OBJDIR ".libs/"
| #define HAVE_PYTHON "39"
| /* end confdefs.h.  */
| 
| 		#include <Python.h>
| int
| main ()
| {
| Py_Initialize();
|   ;
|   return 0;
| }
| 
configure:16668: result: no
configure:16672: error: in `/c/dev/courses/cineditorml/PythonMagick-0.9.19':
configure:16674: error: 
  Could not link test program to Python. Maybe the main Python library has been
  installed in some non-standard library path. If so, pass it to configure,
  via the LIBS environment variable.
  Example: ./configure LIBS="-L/usr/non-standard-path/python/lib"
  ============================================================================
   ERROR!
   You probably have to install the development version of the Python package
   for your distribution.  The exact name of this package varies among them.
  ============================================================================

See `config.log' for more details

## ---------------- ##
## Cache variables. ##
## ---------------- ##

ac_cv_build=x86_64-pc-mingw64
ac_cv_c_compiler_gnu=yes
ac_cv_cxx_compiler_gnu=yes
ac_cv_env_CCC_set=
ac_cv_env_CCC_value=
ac_cv_env_CC_set=
ac_cv_env_CC_value=
ac_cv_env_CFLAGS_set=
ac_cv_env_CFLAGS_value=
ac_cv_env_CPPFLAGS_set=
ac_cv_env_CPPFLAGS_value=
ac_cv_env_CPP_set=
ac_cv_env_CPP_value=
ac_cv_env_CXXCPP_set=
ac_cv_env_CXXCPP_value=
ac_cv_env_CXXFLAGS_set=
ac_cv_env_CXXFLAGS_value=
ac_cv_env_CXX_set=
ac_cv_env_CXX_value=
ac_cv_env_LDFLAGS_set=
ac_cv_env_LDFLAGS_value=
ac_cv_env_LIBS_set=
ac_cv_env_LIBS_value=
ac_cv_env_LT_SYS_LIBRARY_PATH_set=
ac_cv_env_LT_SYS_LIBRARY_PATH_value=
ac_cv_env_MAGICKCORE_CFLAGS_set=
ac_cv_env_MAGICKCORE_CFLAGS_value=
ac_cv_env_MAGICKCORE_LIBS_set=
ac_cv_env_MAGICKCORE_LIBS_value=
ac_cv_env_MAGICKPP_CFLAGS_set=
ac_cv_env_MAGICKPP_CFLAGS_value=
ac_cv_env_MAGICKPP_LIBS_set=
ac_cv_env_MAGICKPP_LIBS_value=
ac_cv_env_PKG_CONFIG_LIBDIR_set=
ac_cv_env_PKG_CONFIG_LIBDIR_value=
ac_cv_env_PKG_CONFIG_PATH_set=set
ac_cv_env_PKG_CONFIG_PATH_value=/mingw64/lib/pkgconfig:/mingw64/share/pkgconfig
ac_cv_env_PKG_CONFIG_set=
ac_cv_env_PKG_CONFIG_value=
ac_cv_env_PYTHON_VERSION_set=
ac_cv_env_PYTHON_VERSION_value=
ac_cv_env_PYTHON_set=
ac_cv_env_PYTHON_value=
ac_cv_env_build_alias_set=
ac_cv_env_build_alias_value=
ac_cv_env_host_alias_set=
ac_cv_env_host_alias_value=
ac_cv_env_target_alias_set=
ac_cv_env_target_alias_value=
ac_cv_exeext=.exe
ac_cv_header_dlfcn_h=no
ac_cv_header_inttypes_h=yes
ac_cv_header_memory_h=yes
ac_cv_header_stdc=yes
ac_cv_header_stdint_h=yes
ac_cv_header_stdlib_h=yes
ac_cv_header_string_h=yes
ac_cv_header_strings_h=yes
ac_cv_header_sys_stat_h=yes
ac_cv_header_sys_types_h=yes
ac_cv_header_unistd_h=yes
ac_cv_host=x86_64-pc-mingw64
ac_cv_objext=o
ac_cv_path_EGREP='/usr/bin/grep -E'
ac_cv_path_FGREP='/usr/bin/grep -F'
ac_cv_path_GREP=/usr/bin/grep
ac_cv_path_PYTHON=/c/Users/damin/AppData/Local/Programs/Python/Python39/python
ac_cv_path_SED=/usr/bin/sed
ac_cv_path_install='/usr/bin/install -c'
ac_cv_path_lt_DD=/usr/bin/dd
ac_cv_path_mkdir=/usr/bin/mkdir
ac_cv_prog_AWK=gawk
ac_cv_prog_CPP='gcc -E'
ac_cv_prog_CXXCPP='g++ -E'
ac_cv_prog_ac_ct_AR=ar
ac_cv_prog_ac_ct_CC=gcc
ac_cv_prog_ac_ct_CXX=g++
ac_cv_prog_ac_ct_DLLTOOL=dlltool
ac_cv_prog_ac_ct_OBJDUMP=objdump
ac_cv_prog_ac_ct_RANLIB=ranlib
ac_cv_prog_ac_ct_STRIP=strip
ac_cv_prog_cc_c89=
ac_cv_prog_cc_g=yes
ac_cv_prog_cxx_g=yes
ac_cv_prog_make_make_set=no
am_cv_CC_dependencies_compiler_type=none
am_cv_CXX_dependencies_compiler_type=none
am_cv_make_support_nested_variables=no
am_cv_pathless_PYTHON=python
am_cv_prog_cc_c_o=yes
am_cv_python_platform=win32
am_cv_python_pyexecdir='${exec_prefix}/lib/python3.9/site-packages'
am_cv_python_pythondir='${prefix}/lib/python3.9/site-packages'
am_cv_python_version=3.9
lt_cv_ar_at_file=@
lt_cv_archive_cmds_need_lc=yes
lt_cv_deplibs_check_method='file_magic ^x86 archive import|^x86 DLL'
lt_cv_file_magic_cmd=func_win32_libid
lt_cv_file_magic_test_file=
lt_cv_ld_reload_flag=-r
lt_cv_nm_interface='BSD nm'
lt_cv_objdir=.libs
lt_cv_path_LD=C:/Users/damin/AppData/Local/Programs/Webots/msys64/mingw64/x86_64-w64-mingw32/bin/ld.exe
lt_cv_path_LDCXX=C:/Users/damin/AppData/Local/Programs/Webots/msys64/mingw64/x86_64-w64-mingw32/bin/ld.exe
lt_cv_path_NM='/c/Users/damin/AppData/Local/Programs/Webots/msys64/mingw64/bin/nm -B'
lt_cv_path_mainfest_tool=no
lt_cv_prog_compiler_c_o=yes
lt_cv_prog_compiler_c_o_CXX=yes
lt_cv_prog_compiler_pic='-DDLL_EXPORT -DPIC'
lt_cv_prog_compiler_pic_CXX='-DDLL_EXPORT -DPIC'
lt_cv_prog_compiler_pic_works=yes
lt_cv_prog_compiler_pic_works_CXX=yes
lt_cv_prog_compiler_rtti_exceptions=no
lt_cv_prog_compiler_static_works=yes
lt_cv_prog_compiler_static_works_CXX=yes
lt_cv_prog_gnu_ld=yes
lt_cv_prog_gnu_ldcxx=yes
lt_cv_sharedlib_from_linklib_cmd=func_cygming_dll_for_implib
lt_cv_sys_global_symbol_pipe='sed -n -e '\''s/^.*[	 ]\([ABCDGIRSTW][ABCDGIRSTW]*\)[	 ][	 ]*\([_A-Za-z][_A-Za-z0-9]*\)\{0,1\}$/\1 \2 \2/p'\'' | sed '\''/ __gnu_lto/d'\'''
lt_cv_sys_global_symbol_to_c_name_address='sed -n -e '\''s/^: \(.*\) .*$/  {"\1", (void *) 0},/p'\'' -e '\''s/^[ABCDGIRSTW][ABCDGIRSTW]* .* \(.*\)$/  {"\1", (void *) \&\1},/p'\'''
lt_cv_sys_global_symbol_to_c_name_address_lib_prefix='sed -n -e '\''s/^: \(.*\) .*$/  {"\1", (void *) 0},/p'\'' -e '\''s/^[ABCDGIRSTW][ABCDGIRSTW]* .* \(lib.*\)$/  {"\1", (void *) \&\1},/p'\'' -e '\''s/^[ABCDGIRSTW][ABCDGIRSTW]* .* \(.*\)$/  {"lib\1", (void *) \&\1},/p'\'''
lt_cv_sys_global_symbol_to_cdecl='sed -n -e '\''s/^T .* \(.*\)$/extern int \1();/p'\'' -e '\''s/^[ABCDGIRSTW][ABCDGIRSTW]* .* \(.*\)$/extern char \1;/p'\'''
lt_cv_sys_global_symbol_to_import=
lt_cv_sys_max_cmd_len=8192
lt_cv_to_host_file_cmd=func_convert_file_msys_to_w32
lt_cv_to_tool_file_cmd=func_convert_file_msys_to_w32
lt_cv_truncate_bin='/usr/bin/dd bs=4096 count=1'

## ----------------- ##
## Output variables. ##
## ----------------- ##

ACLOCAL='${SHELL} /c/dev/courses/cineditorml/PythonMagick-0.9.19/config/missing aclocal-1.16'
AMDEPBACKSLASH='\'
AMDEP_FALSE='#'
AMDEP_TRUE=''
AMTAR='$${TAR-tar}'
AM_BACKSLASH='\'
AM_DEFAULT_V='0'
AM_DEFAULT_VERBOSITY='0'
AM_V='0'
AR='ar'
AUTOCONF='${SHELL} /c/dev/courses/cineditorml/PythonMagick-0.9.19/config/missing autoconf'
AUTOHEADER='${SHELL} /c/dev/courses/cineditorml/PythonMagick-0.9.19/config/missing autoheader'
AUTOMAKE='${SHELL} /c/dev/courses/cineditorml/PythonMagick-0.9.19/config/missing automake-1.16'
AWK='gawk'
BOOST_CPPFLAGS=''
BOOST_LDFLAGS=''
BOOST_PYTHON_LIB=''
CC='gcc'
CCDEPMODE='depmode=none'
CFLAGS='-g -O2'
CPP='gcc -E'
CPPFLAGS=''
CXX='g++'
CXXCPP='g++ -E'
CXXDEPMODE='depmode=none'
CXXFLAGS='-g -O2'
CYGPATH_W='cygpath -w'
DEFS=''
DEPDIR='.deps'
DLLTOOL='dlltool'
DSYMUTIL=''
DUMPBIN=''
ECHO_C=''
ECHO_N='-n'
ECHO_T=''
EGREP='/usr/bin/grep -E'
EXEEXT='.exe'
FGREP='/usr/bin/grep -F'
GREP='/usr/bin/grep'
INSTALL_DATA='${INSTALL} -m 644'
INSTALL_PROGRAM='${INSTALL}'
INSTALL_SCRIPT='${INSTALL}'
INSTALL_STRIP_PROGRAM='$(install_sh) -c -s'
LD='C:/Users/damin/AppData/Local/Programs/Webots/msys64/mingw64/x86_64-w64-mingw32/bin/ld.exe'
LDFLAGS=''
LIBOBJS=''
LIBS=''
LIBTOOL='$(SHELL) $(top_builddir)/libtool'
LIPO=''
LN_S='cp -pR'
LTLIBOBJS=''
LT_SYS_LIBRARY_PATH=''
MAGICKCORE_CFLAGS=''
MAGICKCORE_LIBS=''
MAGICKPP_CFLAGS=''
MAGICKPP_LIBS=''
MAINT='#'
MAINTAINER_MODE_FALSE=''
MAINTAINER_MODE_TRUE='#'
MAKEINFO='${SHELL} /c/dev/courses/cineditorml/PythonMagick-0.9.19/config/missing makeinfo'
MANIFEST_TOOL=':'
MKDIR_P='/usr/bin/mkdir -p'
NM='/c/Users/damin/AppData/Local/Programs/Webots/msys64/mingw64/bin/nm -B'
NMEDIT=''
OBJDUMP='objdump'
OBJEXT='o'
OTOOL64=''
OTOOL=''
PACKAGE='PythonMagick'
PACKAGE_BUGREPORT=''
PACKAGE_NAME='PythonMagick'
PACKAGE_STRING='PythonMagick 0.9.19'
PACKAGE_TARNAME='PythonMagick'
PACKAGE_URL=''
PACKAGE_VERSION='0.9.19'
PATH_SEPARATOR=':'
PKG_CONFIG=''
PKG_CONFIG_LIBDIR=''
PKG_CONFIG_PATH='/mingw64/lib/pkgconfig:/mingw64/share/pkgconfig'
PYTHON='/c/Users/damin/AppData/Local/Programs/Python/Python39/python'
PYTHON_CPPFLAGS='-IC:\Users\damin\AppData\Local\Programs\Python\Python39\include'
PYTHON_EXEC_PREFIX='${exec_prefix}'
PYTHON_EXTRA_LDFLAGS=''
PYTHON_EXTRA_LIBS='None'
PYTHON_LIBS='-LC:\Users\damin\AppData\Local\Programs\Python\Python39\Lib\config -lpython39'
PYTHON_PLATFORM='win32'
PYTHON_PREFIX='${prefix}'
PYTHON_SITE_PKG='C:\Users\damin\AppData\Local\Programs\Python\Python39\Lib\site-packages'
PYTHON_VERSION='3.9'
RANLIB='ranlib'
SED='/usr/bin/sed'
SET_MAKE='MAKE=make'
SHELL='/bin/sh'
STRIP='strip'
VERSION='0.9.19'
ac_ct_AR='ar'
ac_ct_CC='gcc'
ac_ct_CXX='g++'
ac_ct_DUMPBIN=''
am__EXEEXT_FALSE=''
am__EXEEXT_TRUE=''
am__fastdepCC_FALSE=''
am__fastdepCC_TRUE='#'
am__fastdepCXX_FALSE=''
am__fastdepCXX_TRUE='#'
am__include='#'
am__isrc=''
am__leading_dot='.'
am__nodep='_no'
am__quote=''
am__tar='$${TAR-tar} chof - "$$tardir"'
am__untar='$${TAR-tar} xf -'
bindir='${exec_prefix}/bin'
build='x86_64-pc-mingw64'
build_alias=''
build_cpu='x86_64'
build_os='mingw64'
build_vendor='pc'
datadir='${datarootdir}'
datarootdir='${prefix}/share'
docdir='${datarootdir}/doc/${PACKAGE_TARNAME}'
dvidir='${docdir}'
exec_prefix='NONE'
host='x86_64-pc-mingw64'
host_alias=''
host_cpu='x86_64'
host_os='mingw64'
host_vendor='pc'
htmldir='${docdir}'
includedir='${prefix}/include'
infodir='${datarootdir}/info'
install_sh='${SHELL} /c/dev/courses/cineditorml/PythonMagick-0.9.19/config/install-sh'
libdir='${exec_prefix}/lib'
libexecdir='${exec_prefix}/libexec'
localedir='${datarootdir}/locale'
localstatedir='${prefix}/var'
mandir='${datarootdir}/man'
mkdir_p='$(MKDIR_P)'
oldincludedir='/usr/include'
pdfdir='${docdir}'
pkgpyexecdir='${pyexecdir}/PythonMagick'
pkgpythondir='${pythondir}/PythonMagick'
prefix='NONE'
program_transform_name='s,x,x,'
psdir='${docdir}'
pyexecdir='${exec_prefix}/lib/python3.9/site-packages'
pythondir='${prefix}/lib/python3.9/site-packages'
sbindir='${exec_prefix}/sbin'
sharedstatedir='${prefix}/com'
sysconfdir='${prefix}/etc'
target_alias=''

## ----------- ##
## confdefs.h. ##
## ----------- ##

/* confdefs.h */
#define PACKAGE_NAME "PythonMagick"
#define PACKAGE_TARNAME "PythonMagick"
#define PACKAGE_VERSION "0.9.19"
#define PACKAGE_STRING "PythonMagick 0.9.19"
#define PACKAGE_BUGREPORT ""
#define PACKAGE_URL ""
#define PACKAGE "PythonMagick"
#define VERSION "0.9.19"
#define STDC_HEADERS 1
#define HAVE_SYS_TYPES_H 1
#define HAVE_SYS_STAT_H 1
#define HAVE_STDLIB_H 1
#define HAVE_STRING_H 1
#define HAVE_MEMORY_H 1
#define HAVE_STRINGS_H 1
#define HAVE_INTTYPES_H 1
#define HAVE_STDINT_H 1
#define HAVE_UNISTD_H 1
#define LT_OBJDIR ".libs/"
#define HAVE_PYTHON "39"

configure: exit 1
